Flow report for exercicio_fixacao
Thu Mar 16 15:47:33 2023
Quartus Prime Version 18.0.0 Build 614 04/24/2018 SJ Lite Edition


---------------------
; Table of Contents ;
---------------------
  1. Legal Notice
  2. Flow Summary
  3. Flow Settings
  4. Flow Non-Default Global Settings
  5. Flow Elapsed Time
  6. Flow OS Summary
  7. Flow Log
  8. Flow Messages
  9. Flow Suppressed Messages



----------------
; Legal Notice ;
----------------
Copyright (C) 2018  Intel Corporation. All rights reserved.
Your use of Intel Corporation's design tools, logic functions 
and other software and tools, and its AMPP partner logic 
functions, and any output files from any of the foregoing 
(including device programming or simulation files), and any 
associated documentation or information are expressly subject 
to the terms and conditions of the Intel Program License 
Subscription Agreement, the Intel Quartus Prime License Agreement,
the Intel FPGA IP License Agreement, or other applicable license
agreement, including, without limitation, that your use is for
the sole purpose of programming logic devices manufactured by
Intel and sold by Intel or its authorized distributors.  Please
refer to the applicable agreement for further details.



+-------------------------------------------------------------------------------+
; Flow Summary                                                                  ;
+---------------------------------+---------------------------------------------+
; Flow Status                     ; Successful - Thu Mar 16 15:47:33 2023       ;
; Quartus Prime Version           ; 18.0.0 Build 614 04/24/2018 SJ Lite Edition ;
; Revision Name                   ; exercicio_fixacao                           ;
; Top-level Entity Name           ; tri_state                                   ;
; Family                          ; Cyclone V                                   ;
; Device                          ; 5CGXFC7C7F23C8                              ;
; Timing Models                   ; Final                                       ;
; Logic utilization (in ALMs)     ; N/A                                         ;
; Total registers                 ; 0                                           ;
; Total pins                      ; 3                                           ;
; Total virtual pins              ; 0                                           ;
; Total block memory bits         ; 0                                           ;
; Total DSP Blocks                ; 0                                           ;
; Total HSSI RX PCSs              ; 0                                           ;
; Total HSSI PMA RX Deserializers ; 0                                           ;
; Total HSSI TX PCSs              ; 0                                           ;
; Total HSSI PMA TX Serializers   ; 0                                           ;
; Total PLLs                      ; 0                                           ;
; Total DLLs                      ; 0                                           ;
+---------------------------------+---------------------------------------------+


+-----------------------------------------+
; Flow Settings                           ;
+-------------------+---------------------+
; Option            ; Setting             ;
+-------------------+---------------------+
; Start date & time ; 03/16/2023 15:45:38 ;
; Main task         ; Compilation         ;
; Revision Name     ; exercicio_fixacao   ;
+-------------------+---------------------+


+---------------------------------------------------------------------------------------------------------------------------------+
; Flow Non-Default Global Settings                                                                                                ;
+-------------------------------------+----------------------------------------+-------------------+-------------+----------------+
; Assignment Name                     ; Value                                  ; Default Value     ; Entity Name ; Section Id     ;
+-------------------------------------+----------------------------------------+-------------------+-------------+----------------+
; COMPILER_SIGNATURE_ID               ; 147785311003.167899233805932           ; --                ; --          ; --             ;
; EDA_OUTPUT_DATA_FORMAT              ; Vhdl                                   ; --                ; --          ; eda_simulation ;
; EDA_SIMULATION_TOOL                 ; ModelSim-Altera (VHDL)                 ; <None>            ; --          ; --             ;
; EDA_TIME_SCALE                      ; 1 ps                                   ; --                ; --          ; eda_simulation ;
; MAX_CORE_JUNCTION_TEMP              ; 85                                     ; --                ; --          ; --             ;
; MIN_CORE_JUNCTION_TEMP              ; 0                                      ; --                ; --          ; --             ;
; PARTITION_COLOR                     ; -- (Not supported for targeted family) ; --                ; tri_state   ; Top            ;
; PARTITION_FITTER_PRESERVATION_LEVEL ; -- (Not supported for targeted family) ; --                ; tri_state   ; Top            ;
; PARTITION_NETLIST_TYPE              ; -- (Not supported for targeted family) ; --                ; tri_state   ; Top            ;
; PROJECT_OUTPUT_DIRECTORY            ; output_files                           ; --                ; --          ; --             ;
; TOP_LEVEL_ENTITY                    ; tri_state                              ; exercicio_fixacao ; --          ; --             ;
+-------------------------------------+----------------------------------------+-------------------+-------------+----------------+


+--------------------------------------------------------------------------------------------------------------------------+
; Flow Elapsed Time                                                                                                        ;
+----------------------+--------------+-------------------------+---------------------+------------------------------------+
; Module Name          ; Elapsed Time ; Average Processors Used ; Peak Virtual Memory ; Total CPU Time (on all processors) ;
+----------------------+--------------+-------------------------+---------------------+------------------------------------+
; Analysis & Synthesis ; 00:00:23     ; 1.0                     ; 993 MB              ; 00:00:36                           ;
; EDA Netlist Writer   ; 00:00:01     ; 1.0                     ; 1098 MB             ; 00:00:01                           ;
; EDA Netlist Writer   ; 00:00:02     ; 1.0                     ; 1101 MB             ; 00:00:01                           ;
; Total                ; 00:00:26     ; --                      ; --                  ; 00:00:38                           ;
+----------------------+--------------+-------------------------+---------------------+------------------------------------+


+------------------------------------------------------------------------------------+
; Flow OS Summary                                                                    ;
+----------------------+------------------+------------+------------+----------------+
; Module Name          ; Machine Hostname ; OS Name    ; OS Version ; Processor type ;
+----------------------+------------------+------------+------------+----------------+
; Analysis & Synthesis ; marcos-C700-PC   ; Linux Mint ; 21         ; x86_64         ;
; EDA Netlist Writer   ; marcos-C700-PC   ; Linux Mint ; 21         ; x86_64         ;
; EDA Netlist Writer   ; marcos-C700-PC   ; Linux Mint ; 21         ; x86_64         ;
+----------------------+------------------+------------+------------+----------------+


------------
; Flow Log ;
------------
quartus_map --read_settings_files=on --write_settings_files=off exercicio_fixacao -c exercicio_fixacao
quartus_eda --gen_testbench --tool=modelsim_oem --format=vhdl --write_settings_files=off exercicio_fixacao -c exercicio_fixacao --vector_source=/home/marcos/Documentos/Logica-Reconfiguravel/Aula-04/exercicio_fixacao/Waveform.vwf --testbench_file=/home/marcos/Documentos/Logica-Reconfiguravel/Aula-04/exercicio_fixacao/simulation/qsim/Waveform.vwf.vht
quartus_eda --write_settings_files=off --simulation=on --functional=on --flatten_buses=off --tool=modelsim_oem --format=vhdl --output_directory=/home/marcos/Documentos/Logica-Reconfiguravel/Aula-04/exercicio_fixacao/simulation/qsim/ exercicio_fixacao -c exercicio_fixacao



